<?xml version="1.0" encoding="UTF-8"?><testsuite errors="0" failures="1" name="com.bestbuy.storeinfo.StoreCurdTest" skipped="0" tests="6" time="3.47" timestamp="2023-08-06T16:14:12.319+01:00[Europe/London]"><testcase classname="com.bestbuy.storeinfo.StoreCurdTest" name="Find strores with service name"/><testcase classname="com.bestbuy.storeinfo.StoreCurdTest" name="Find stores"/><testcase classname="com.bestbuy.storeinfo.StoreCurdTest" name="Get all store info"/><testcase classname="com.bestbuy.storeinfo.StoreCurdTest" name="Delete id"/><testcase classname="com.bestbuy.storeinfo.StoreCurdTest" name="Update the user Information and verify the updated information"><failure message="1 expectation failed.&#10;Expected status code &lt;200&gt; but was &lt;404&gt;.&#10;" type="java.lang.AssertionError">1 expectation failed.
Expected status code &lt;200&gt; but was &lt;404&gt;.
</failure><system-err>1 expectation failed.
Expected status code &lt;200&gt; but was &lt;404&gt;.
&#13;
io.restassured.internal.ResponseSpecificationImpl.validateResponseIfRequired(ResponseSpecificationImpl.groovy:636)&#13;
io.restassured.internal.ResponseSpecificationImpl.statusCode(ResponseSpecificationImpl.groovy:122)&#13;
io.restassured.internal.ResponseSpecificationImpl.statusCode(ResponseSpecificationImpl.groovy:130)&#13;
io.restassured.internal.ValidatableResponseOptionsImpl.statusCode(ValidatableResponseOptionsImpl.java:117)&#13;
com.bestbuy.storeinfo.StoreCurdTest.updateID(StoreCurdTest.java:117)&#13;
</system-err></testcase><testcase classname="com.bestbuy.storeinfo.StoreCurdTest" name="This will create a new store"/></testsuite>