<?xml version="1.0" encoding="UTF-8"?><testsuite errors="0" failures="0" name="com.bestbuy.productinfo.ProductCURDTestWithSteps" skipped="0" tests="6" time="3.28" timestamp="2023-08-06T21:45:22.003+01:00[Europe/London]"><testcase classname="com.bestbuy.productinfo.ProductCURDTestWithSteps" name="get all Product Data"/><testcase classname="com.bestbuy.productinfo.ProductCURDTestWithSteps" name="Create Product"/><testcase classname="com.bestbuy.productinfo.ProductCURDTestWithSteps" name="GetProductName"/><testcase classname="com.bestbuy.productinfo.ProductCURDTestWithSteps" name="UpdateProduct"/><testcase classname="com.bestbuy.productinfo.ProductCURDTestWithSteps" name="GetHiestPrice"/><testcase classname="com.bestbuy.productinfo.ProductCURDTestWithSteps" name="delete Product"/></testsuite>